<?xml version="1.0" encoding="UTF-8"?>
<!-- Generated by org.testng.reporters.JUnitXMLReporter -->
<testsuite ignored="0" hostname="adminpc-HP-ProDesk-600-G1-SFF" failures="0" tests="7" name="Default test" time="19.569" errors="0" timestamp="02 Jul 2019 07:14:28 GMT">
  <testcase classname="ReadExcelData.DataTestng.DataProviderWithExcel_007" name="f" time="2.936"/>
  <testcase classname="ReadExcelData.DataTestng.DataProviderWithExcel_002" name="f" time="2.506"/>
  <testcase classname="ReadExcelData.DataTestng.DataProviderWithExcel_001" name="f" time="2.549"/>
  <testcase classname="ReadExcelData.DataTestng.DataProviderWithExcel_005" name="f" time="2.442"/>
  <testcase classname="ReadExcelData.DataTestng.DataProviderWithExcel_006" name="f" time="2.412"/>
  <testcase classname="ReadExcelData.DataTestng.DataProviderWithExcel_003" name="f" time="2.454"/>
  <testcase classname="ReadExcelData.DataTestng.DataProviderWithExcel_004" name="f" time="2.384"/>
</testsuite> <!-- Default test -->
